|SourceProjectName:TPubTemp.pss
|DestinationProjectName:index.html
TPubTemp.hhc
TPubTemp.hhk
Ch14\Ch14.htm
TPubTemp.glo
template\Azure_blueResponsive_HTML5\andsearch_mark.png
template\Azure_blueResponsive_HTML5\andsearch_nomark.png
template\Azure_blueResponsive_HTML5\back_mobile_filter.png
template\Azure_blueResponsive_HTML5\back_mobile_ltr.png
template\Azure_blueResponsive_HTML5\back_mobile_rtl.png
template\Azure_blueResponsive_HTML5\filter_clearall.png
template\Azure_blueResponsive_HTML5\filter_desktop.png
template\Azure_blueResponsive_HTML5\filter_desktop_applied.png
template\Azure_blueResponsive_HTML5\filter_mark.png
template\Azure_blueResponsive_HTML5\filter_mark_radio.png
template\Azure_blueResponsive_HTML5\filter_mobile.png
template\Azure_blueResponsive_HTML5\filter_mobile_applied.png
template\Azure_blueResponsive_HTML5\filter_nomark.png
template\Azure_blueResponsive_HTML5\filter_nomark_radio.png
template\Azure_blueResponsive_HTML5\filter_tab.png
template\Azure_blueResponsive_HTML5\filter_tab_applied.png
template\Azure_blueResponsive_HTML5\glossary_desktop.png
template\Azure_blueResponsive_HTML5\glossary_mobile.png
template\Azure_blueResponsive_HTML5\glossary_tab.png
template\Azure_blueResponsive_HTML5\idx_topic.png
template\Azure_blueResponsive_HTML5\index_desktop.png
template\Azure_blueResponsive_HTML5\index_mobile.png
template\Azure_blueResponsive_HTML5\index_tab.png
template\Azure_blueResponsive_HTML5\layout.css
template\Azure_blueResponsive_HTML5\loading.gif
template\Azure_blueResponsive_HTML5\logo.png
template\Azure_blueResponsive_HTML5\menu.png
template\Azure_blueResponsive_HTML5\next.png
template\Azure_blueResponsive_HTML5\next_active.png
template\Azure_blueResponsive_HTML5\next_mobile.png
template\Azure_blueResponsive_HTML5\next_mobile_active.png
template\Azure_blueResponsive_HTML5\next_tab.png
template\Azure_blueResponsive_HTML5\next_tab_active.png
template\Azure_blueResponsive_HTML5\previous.png
template\Azure_blueResponsive_HTML5\previous_active.png
template\Azure_blueResponsive_HTML5\previous_mobile.png
template\Azure_blueResponsive_HTML5\previous_mobile_active.png
template\Azure_blueResponsive_HTML5\previous_tab.png
template\Azure_blueResponsive_HTML5\previous_tab_active.png
template\Azure_blueResponsive_HTML5\print_desktop.png
template\Azure_blueResponsive_HTML5\remove-active.png
template\Azure_blueResponsive_HTML5\remove.png
template\Azure_blueResponsive_HTML5\search.png
template\Azure_blueResponsive_HTML5\search_desktop.png
template\Azure_blueResponsive_HTML5\search_desktop_active.png
template\Azure_blueResponsive_HTML5\search_desktop_navigation.png
template\Azure_blueResponsive_HTML5\search_mobile.png
template\Azure_blueResponsive_HTML5\search_mobile_active.png
template\Azure_blueResponsive_HTML5\search_mobile_navigation.png
template\Azure_blueResponsive_HTML5\search_tab.png
template\Azure_blueResponsive_HTML5\search_topic_desktop.png
template\Azure_blueResponsive_HTML5\slider_ltr.png
template\Azure_blueResponsive_HTML5\slider_open_ltr.png
template\Azure_blueResponsive_HTML5\slider_open_rtl.png
template\Azure_blueResponsive_HTML5\slider_rtl.png
template\Azure_blueResponsive_HTML5\social_close_ltr.png
template\Azure_blueResponsive_HTML5\social_close_rtl.png
template\Azure_blueResponsive_HTML5\social_open.png
template\Azure_blueResponsive_HTML5\toc_book_closed_desktop.png
template\Azure_blueResponsive_HTML5\toc_book_closed_mobile.png
template\Azure_blueResponsive_HTML5\toc_book_open_desktop.png
template\Azure_blueResponsive_HTML5\toc_book_open_drildown.png
template\Azure_blueResponsive_HTML5\toc_book_open_mobile.png
template\Azure_blueResponsive_HTML5\toc_desktop.png
template\Azure_blueResponsive_HTML5\toc_link_desktop_ltr.png
template\Azure_blueResponsive_HTML5\toc_link_desktop_rtl.png
template\Azure_blueResponsive_HTML5\toc_link_mobile_ltr.png
template\Azure_blueResponsive_HTML5\toc_link_mobile_rtl.png
template\Azure_blueResponsive_HTML5\toc_mobile.png
template\Azure_blueResponsive_HTML5\toc_tab.png
template\Azure_blueResponsive_HTML5\toc_topic_desktop.png
template\Azure_blueResponsive_HTML5\toc_topic_mobile.png
template\Azure_blueResponsive_HTML5\top.png
template\Azure_blueResponsive_HTML5\Topic.slp
template\Azure_blueResponsive_HTML5\usersettings.js
rhstylemapping.css
Ch14\Ch14.css
editstyle.css
Ch14\assets\Ch14_FOM_SVG_0.svg
Ch14\assets\TL_GFX_PATTERN_7_N_Black0.000000.png
Ch14\assets\Ch14_image1.png
RoboHHRE.lng
ehlpdhtm.js
Ch14.ppf
whxdata\toc.js
whxdata\toc.new.js
whxdata\idx.js
whxdata\idx.new.js
whxdata\glo.js
whxdata\glo.new.js
whxdata\package_0_xml.js
whxdata\package_1_xml.js
whxdata\package_2_xml.js
whxdata\package_3_xml.js
whxdata\package_4_xml.js
whxdata\package_5_xml.js
whxdata\package_6_xml.js
whxdata\package_7_xml.js
whxdata\package_8_xml.js
whxdata\package_9_xml.js
whxdata\package_10_xml.js
whxdata\package_11_xml.js
whxdata\package_12_xml.js
whxdata\package_13_xml.js
whxdata\package_14_xml.js
whxdata\package_15_xml.js
whxdata\package_16_xml.js
whxdata\package_17_xml.js
whxdata\package_18_xml.js
whxdata\package_19_xml.js
whxdata\package_20_xml.js
whxdata\package_21_xml.js
whxdata\package_22_xml.js
whxdata\package_23_xml.js
whxdata\package_24_xml.js
whxdata\package_25_xml.js
whxdata\package_26_xml.js
whxdata\package_27_xml.js
whxdata\package_28_xml.js
whxdata\package_29_xml.js
whxdata\package_30_xml.js
whxdata\package_31_xml.js
whxdata\package_32_xml.js
whxdata\package_33_xml.js
whxdata\package_34_xml.js
whxdata\package_35_xml.js
whxdata\package_36_xml.js
whxdata\package_37_xml.js
whxdata\package_38_xml.js
whxdata\package_39_xml.js
whxdata\package_40_xml.js
whxdata\package_41_xml.js
whxdata\package_42_xml.js
whxdata\package_43_xml.js
whxdata\package_44_xml.js
whxdata\package_45_xml.js
whxdata\package_46_xml.js
whxdata\package_47_xml.js
whxdata\package_48_xml.js
whxdata\package_49_xml.js
whxdata\package_50_xml.js
whxdata\package_51_xml.js
whxdata\package_52_xml.js
whxdata\package_53_xml.js
whxdata\package_54_xml.js
whxdata\package_55_xml.js
whxdata\package_56_xml.js
whxdata\package_57_xml.js
whxdata\package_58_xml.js
whxdata\package_59_xml.js
whxdata\package_60_xml.js
whxdata\package_61_xml.js
whxdata\package_62_xml.js
whxdata\package_63_xml.js
whxdata\package_64_xml.js
whxdata\package_65_xml.js
whxdata\package_66_xml.js
whxdata\package_67_xml.js
whxdata\package_68_xml.js
whxdata\package_69_xml.js
whxdata\package_70_xml.js
whxdata\package_71_xml.js
whxdata\package_72_xml.js
whxdata\package_73_xml.js
whxdata\package_74_xml.js
whxdata\package_75_xml.js
whxdata\package_76_xml.js
whxdata\package_77_xml.js
whxdata\package_78_xml.js
whxdata\package_79_xml.js
whxdata\package_80_xml.js
whxdata\package_81_xml.js
whxdata\package_82_xml.js
whxdata\package_83_xml.js
whxdata\package_84_xml.js
whxdata\package_85_xml.js
whxdata\package_86_xml.js
whxdata\package_87_xml.js
whxdata\package_88_xml.js
whxdata\package_89_xml.js
whxdata\package_90_xml.js
whxdata\package_91_xml.js
whxdata\package_92_xml.js
whxdata\package_93_xml.js
whxdata\package_94_xml.js
whxdata\package_95_xml.js
whxdata\package_96_xml.js
whxdata\package_97_xml.js
whxdata\package_98_xml.js
whxdata\package_99_xml.js
whxdata\package_100_xml.js
whxdata\package_101_xml.js
whxdata\package_102_xml.js
whxdata\package_103_xml.js
whxdata\package_104_xml.js
whxdata\package_105_xml.js
whxdata\package_106_xml.js
whxdata\package_107_xml.js
whxdata\package_108_xml.js
whxdata\package_109_xml.js
whxdata\package_110_xml.js
whxdata\package_111_xml.js
whxdata\package_112_xml.js
whxdata\package_113_xml.js
whxdata\package_114_xml.js
whxdata\package_115_xml.js
whxdata\package_116_xml.js
whxdata\package_117_xml.js
whxdata\package_118_xml.js
whxdata\package_119_xml.js
whxdata\package_120_xml.js
whxdata\package_121_xml.js
whxdata\package_122_xml.js
whxdata\package_123_xml.js
whxdata\package_124_xml.js
whxdata\package_125_xml.js
whxdata\package_126_xml.js
whxdata\package_127_xml.js
whxdata\package_128_xml.js
whxdata\package_129_xml.js
whxdata\package_130_xml.js
whxdata\package_131_xml.js
whxdata\package_132_xml.js
whxdata\package_133_xml.js
whxdata\package_134_xml.js
whxdata\package_135_xml.js
whxdata\package_136_xml.js
whxdata\package_137_xml.js
whxdata\package_138_xml.js
whxdata\package_139_xml.js
whxdata\package_140_xml.js
whxdata\package_141_xml.js
whxdata\package_142_xml.js
whxdata\package_143_xml.js
whxdata\package_144_xml.js
whxdata\package_145_xml.js
whxdata\package_146_xml.js
whxdata\package_147_xml.js
whxdata\package_148_xml.js
whxdata\package_149_xml.js
whxdata\package_150_xml.js
whxdata\package_151_xml.js
whxdata\package_152_xml.js
whxdata\package_153_xml.js
whxdata\package_154_xml.js
whxdata\package_155_xml.js
whxdata\package_156_xml.js
whxdata\package_157_xml.js
whxdata\package_158_xml.js
whxdata\package_159_xml.js
whxdata\package_160_xml.js
whxdata\package_161_xml.js
whxdata\package_162_xml.js
whxdata\package_163_xml.js
whxdata\package_164_xml.js
whxdata\package_165_xml.js
whxdata\package_166_xml.js
whxdata\package_167_xml.js
whxdata\package_168_xml.js
whxdata\package_169_xml.js
whxdata\package_170_xml.js
whxdata\package_171_xml.js
whxdata\package_172_xml.js
whxdata\package_173_xml.js
whxdata\package_174_xml.js
whxdata\package_175_xml.js
whxdata\package_176_xml.js
whxdata\package_177_xml.js
whxdata\package_178_xml.js
whxdata\package_179_xml.js
whxdata\package_180_xml.js
whxdata\package_181_xml.js
whxdata\package_182_xml.js
whxdata\package_183_xml.js
whxdata\package_184_xml.js
whxdata\package_185_xml.js
whxdata\package_186_xml.js
whxdata\package_187_xml.js
whxdata\package_188_xml.js
whxdata\package_189_xml.js
whxdata\package_190_xml.js
whxdata\package_191_xml.js
whxdata\package_192_xml.js
whxdata\package_193_xml.js
whxdata\package_194_xml.js
whxdata\package_195_xml.js
whxdata\package_196_xml.js
whxdata\package_197_xml.js
whxdata\package_198_xml.js
whxdata\package_199_xml.js
whxdata\package_200_xml.js
whxdata\package_201_xml.js
whxdata\package_202_xml.js
whxdata\package_203_xml.js
whxdata\package_204_xml.js
whxdata\package_205_xml.js
whxdata\package_206_xml.js
whxdata\package_207_xml.js
whxdata\package_208_xml.js
whxdata\package_209_xml.js
whxdata\package_210_xml.js
whxdata\package_211_xml.js
whxdata\package_212_xml.js
whxdata\package_213_xml.js
whxdata\package_214_xml.js
whxdata\package_215_xml.js
whxdata\package_216_xml.js
whxdata\package_217_xml.js
whxdata\package_218_xml.js
whxdata\package_219_xml.js
whxdata\package_220_xml.js
whxdata\package_221_xml.js
whxdata\package_222_xml.js
whxdata\package_223_xml.js
whxdata\package_224_xml.js
whxdata\package_225_xml.js
whxdata\package_226_xml.js
whxdata\package_227_xml.js
whxdata\package_228_xml.js
whxdata\package_229_xml.js
whxdata\package_230_xml.js
whxdata\package_231_xml.js
whxdata\package_232_xml.js
whxdata\package_233_xml.js
whxdata\package_234_xml.js
whxdata\package_235_xml.js
whxdata\package_236_xml.js
whxdata\package_237_xml.js
whxdata\package_238_xml.js
whxdata\package_239_xml.js
whxdata\package_240_xml.js
whxdata\package_241_xml.js
whxdata\package_242_xml.js
whxdata\package_243_xml.js
whxdata\package_244_xml.js
whxdata\package_245_xml.js
whxdata\package_246_xml.js
whxdata\package_247_xml.js
whxdata\package_248_xml.js
whxdata\package_249_xml.js
whxdata\package_250_xml.js
whxdata\package_251_xml.js
whxdata\package_252_xml.js
whxdata\package_253_xml.js
whxdata\package_254_xml.js
whxdata\package_255_xml.js
whxdata\package_256_xml.js
whxdata\package_257_xml.js
whxdata\package_258_xml.js
whxdata\package_259_xml.js
whxdata\package_260_xml.js
whxdata\package_261_xml.js
whxdata\package_262_xml.js
whxdata\package_263_xml.js
whxdata\package_264_xml.js
whxdata\package_265_xml.js
whxdata\package_266_xml.js
whxdata\package_267_xml.js
whxdata\package_268_xml.js
whxdata\package_269_xml.js
whxdata\package_270_xml.js
whxdata\package_271_xml.js
whxdata\package_272_xml.js
whxdata\package_273_xml.js
whxdata\package_274_xml.js
whxdata\package_275_xml.js
whxdata\package_276_xml.js
whxdata\package_277_xml.js
whxdata\package_278_xml.js
whxdata\package_279_xml.js
whxdata\package_280_xml.js
whxdata\package_281_xml.js
whxdata\package_282_xml.js
whxdata\package_283_xml.js
whxdata\package_284_xml.js
whxdata\package_285_xml.js
whxdata\package_286_xml.js
whxdata\package_287_xml.js
whxdata\package_288_xml.js
whxdata\package_289_xml.js
whxdata\package_290_xml.js
whxdata\package_291_xml.js
whxdata\package_292_xml.js
whxdata\package_293_xml.js
whxdata\package_294_xml.js
whxdata\package_295_xml.js
whxdata\package_296_xml.js
whxdata\package_297_xml.js
whxdata\package_298_xml.js
whxdata\package_299_xml.js
whxdata\package_300_xml.js
whxdata\package_301_xml.js
whxdata\package_302_xml.js
whxdata\package_303_xml.js
whxdata\package_304_xml.js
whxdata\package_305_xml.js
whxdata\package_306_xml.js
whxdata\package_307_xml.js
whxdata\package_308_xml.js
whxdata\package_309_xml.js
whxdata\package_310_xml.js
whxdata\package_311_xml.js
whxdata\package_312_xml.js
whxdata\package_313_xml.js
whxdata\package_314_xml.js
whxdata\package_315_xml.js
whxdata\package_316_xml.js
whxdata\package_317_xml.js
whxdata\package_318_xml.js
whxdata\package_319_xml.js
whxdata\package_320_xml.js
whxdata\package_321_xml.js
whxdata\package_322_xml.js
whxdata\package_323_xml.js
whxdata\package_324_xml.js
whxdata\package_325_xml.js
whxdata\package_326_xml.js
whxdata\package_327_xml.js
whxdata\package_328_xml.js
whxdata\package_329_xml.js
whxdata\package_330_xml.js
whxdata\package_331_xml.js
whxdata\packageindex_xml.js
whxdata\synonym.xml
whxdata\synonym_xml.js
whxdata\topictable_0_xml.js
whxdata\topictableindex_xml.js
whxdata\whfts.xml
whxdata\whfts_xml.js
whxdata\csh.js
whxdata\window.js
projectdata.js

template\scripts\rh.min.js
template\scripts\common.min.js
template\scripts\topic.min.js
template\scripts\constants.js
template\scripts\utils.js
template\scripts\mhutils.js
template\scripts\mhlang.js
template\scripts\mhver.js
template\scripts\settings.js
template\scripts\xmljsreader.js
template\scripts\loadparentdata.js
template\scripts\loadscreen.js
template\scripts\loadprojdata.js
template\scripts\mhtopic.js
template\styles\topic.min.css
template\scripts\layout.min.js
template\scripts\projectdata.js
template\scripts\loadcsh.js
template\scripts\showhidecontrols.js
template\scripts\pageloader.js
template\images\modal-close.png
template\images\expand.png
template\styles\layoutfix.min.css
template\styles\layout.min.css
template\scripts\mhfhost.js
template\scripts\search.js
template\resources\bsback.png
template\resources\bsnext.png
Responsive HTML5_favicon.ico
